<?xml version="1.0" encoding="UTF-8"?>
<!-- Generated by org.testng.reporters.JUnitReportReporter -->
<testsuite skipped="0" hostname="Ajith-PC" name="testngggggggggggggggggpackageeeeeee.CrossBrowserCompatiblityDemo" tests="3" failures="0" timestamp="22 Apr 2019 10:43:59 GMT" time="90.366" errors="0">
  <testcase name="runInMultipleBrowsers" time="13.414" classname="testngggggggggggggggggpackageeeeeee.CrossBrowserCompatiblityDemo"/>
  <testcase name="runInMultipleBrowsers" time="62.402" classname="testngggggggggggggggggpackageeeeeee.CrossBrowserCompatiblityDemo"/>
  <testcase name="runInMultipleBrowsers" time="14.550" classname="testngggggggggggggggggpackageeeeeee.CrossBrowserCompatiblityDemo"/>
</testsuite> <!-- testngggggggggggggggggpackageeeeeee.CrossBrowserCompatiblityDemo -->
