<?xml version="1.0" encoding="UTF-8"?>
<!-- Generated by org.testng.reporters.JUnitReportReporter -->
<testsuite skipped="0" hostname="Ajith-PC" name="testngggggggggggggggggpackageeeeeee.CrossPlatformCompatiblityTestDemo" tests="3" failures="0" timestamp="22 Apr 2019 12:29:32 GMT" time="89.038" errors="0">
  <testcase name="runInMultipleOS" time="62.825" classname="testngggggggggggggggggpackageeeeeee.CrossPlatformCompatiblityTestDemo"/>
  <testcase name="runInMultipleOS" time="12.495" classname="testngggggggggggggggggpackageeeeeee.CrossPlatformCompatiblityTestDemo"/>
  <testcase name="runInMultipleOS" time="13.718" classname="testngggggggggggggggggpackageeeeeee.CrossPlatformCompatiblityTestDemo"/>
</testsuite> <!-- testngggggggggggggggggpackageeeeeee.CrossPlatformCompatiblityTestDemo -->
