<?xml version="1.0" encoding="UTF-8"?>
<!-- Generated by org.testng.reporters.JUnitReportReporter -->
<testsuite skipped="0" hostname="Ajith-PC" name="testngggggggggggggggggpackageeeeeee.DPUsingSuiteFile" tests="1" failures="0" timestamp="17 Apr 2019 11:50:36 GMT" time="0.010" errors="0">
  <testcase name="testDataParameterisation" time="0.010" classname="testngggggggggggggggggpackageeeeeee.DPUsingSuiteFile"/>
</testsuite> <!-- testngggggggggggggggggpackageeeeeee.DPUsingSuiteFile -->
