<?xml version="1.0" encoding="UTF-8"?>
<!-- Generated by org.testng.reporters.JUnitReportReporter -->
<testsuite skipped="0" hostname="Ajith-PC" name="testngggggggggggggggggpackageeeeeee.DPUsingDataProviderAnnotationDemo" tests="3" failures="0" timestamp="17 Apr 2019 11:38:22 GMT" time="0.013" errors="0">
  <testcase name="testLogin" time="0.001" classname="testngggggggggggggggggpackageeeeeee.DPUsingDataProviderAnnotationDemo"/>
  <testcase name="testLogin" time="0.001" classname="testngggggggggggggggggpackageeeeeee.DPUsingDataProviderAnnotationDemo"/>
  <testcase name="testLogin" time="0.011" classname="testngggggggggggggggggpackageeeeeee.DPUsingDataProviderAnnotationDemo"/>
</testsuite> <!-- testngggggggggggggggggpackageeeeeee.DPUsingDataProviderAnnotationDemo -->
