<?xml version="1.0" encoding="UTF-8"?>
<!-- Generated by org.testng.reporters.JUnitReportReporter -->
<testsuite skipped="0" hostname="Ajith-PC" name="testngggggggggggggggggpackageeeeeee.PrintB" tests="1" failures="0" timestamp="22 Apr 2019 08:19:14 GMT" time="0.003" errors="0">
  <testcase name="printB" time="0.003" classname="testngggggggggggggggggpackageeeeeee.PrintB"/>
</testsuite> <!-- testngggggggggggggggggpackageeeeeee.PrintB -->
