<?xml version="1.0" encoding="UTF-8"?>
<!-- Generated by org.testng.reporters.JUnitReportReporter -->
<testsuite skipped="0" hostname="Ajith-PC" name="testngggggggggggggggggpackageeeeeee.TestngDemo" tests="1" failures="0" timestamp="16 Apr 2019 11:31:11 GMT" time="0.010" errors="0">
  <testcase name="demo" time="0.010" classname="testngggggggggggggggggpackageeeeeee.TestngDemo"/>
</testsuite> <!-- testngggggggggggggggggpackageeeeeee.TestngDemo -->
