<?xml version="1.0" encoding="UTF-8"?>
<!-- Generated by org.testng.reporters.JUnitReportReporter -->
<testsuite skipped="0" hostname="Ajith-PC" name="CrossPlatformCompatiblityTestDemo" tests="1" failures="0" timestamp="22 Apr 2019 12:20:27 GMT" time="10.158" errors="0">
  <testcase name="runInMultipleOS" time="10.158" classname="CrossPlatformCompatiblityTestDemo"/>
</testsuite> <!-- CrossPlatformCompatiblityTestDemo -->
