<?xml version="1.0" encoding="UTF-8"?>
<!-- Generated by org.testng.reporters.JUnitReportReporter -->
<testsuite skipped="0" hostname="Ajith-PC" name="testngggggggggggggggggpackageeeeeee.BaseTestNGClass" tests="2" failures="0" timestamp="22 Apr 2019 07:53:32 GMT" time="0.008" errors="0">
  <testcase name="printA" time="0.006" classname="testngggggggggggggggggpackageeeeeee.BaseTestNGClass"/>
  <testcase name="printB" time="0.002" classname="testngggggggggggggggggpackageeeeeee.BaseTestNGClass"/>
</testsuite> <!-- testngggggggggggggggggpackageeeeeee.BaseTestNGClass -->
