<?xml version="1.0" encoding="UTF-8"?>
<!-- Generated by org.testng.reporters.JUnitReportReporter -->
<testsuite skipped="0" hostname="Ajith-PC" name="testngggggggggggggggggpackageeeeeee.ModuleWiseExecutionDemo" tests="2" failures="0" timestamp="17 Apr 2019 08:45:15 GMT" time="0.014" errors="0">
  <testcase name="editUser" time="0.002" classname="testngggggggggggggggggpackageeeeeee.ModuleWiseExecutionDemo"/>
  <testcase name="deleteUser" time="0.012" classname="testngggggggggggggggggpackageeeeeee.ModuleWiseExecutionDemo"/>
</testsuite> <!-- testngggggggggggggggggpackageeeeeee.ModuleWiseExecutionDemo -->
