<?xml version="1.0" encoding="UTF-8"?>
<!-- Generated by org.testng.reporters.JUnitReportReporter -->
<testsuite skipped="0" hostname="Ajith-PC" name="testngggggggggggggggggpackageeeeeee.PrintA" tests="1" failures="0" timestamp="22 Apr 2019 08:19:14 GMT" time="0.008" errors="0">
  <testcase name="printA" time="0.008" classname="testngggggggggggggggggpackageeeeeee.PrintA"/>
</testsuite> <!-- testngggggggggggggggggpackageeeeeee.PrintA -->
